MOBILE_ENTERPRISE/android/app/build/intermediates/manifest_merge_blame_file/debug/manifest-merger-blame-debug-report.txt
1<?xml version="1.0" encoding="utf-8"?>
2<manifest xmlns:android="http://schemas.android.com/apk/res/android"
3    package="com.tomaho.mobile.enterprise"
4    android:versionCode="86"
5    android:versionName="1.1.115.03.05.2022" >
6
7    <uses-sdk
8        android:minSdkVersion="21"
9        android:targetSdkVersion="30" />
10
11    <uses-permission android:name="android.permission.SYSTEM_ALERT_WINDOW" />
11-->src\main\AndroidManifest.xml:20:5-78
11-->src\main\AndroidManifest.xml:20:22-75
12    <uses-permission android:name="android.permission.READ_EXTERNAL_STORAGE" />
12-->src\main\AndroidManifest.xml:5:5-80
12-->src\main\AndroidManifest.xml:5:22-77
13    <uses-permission android:name="android.permission.WRITE_EXTERNAL_STORAGE" />
13-->src\main\AndroidManifest.xml:6:5-81
13-->src\main\AndroidManifest.xml:6:22-78
14    <uses-permission android:name="android.permission.DOWNLOAD_WITHOUT_NOTIFICATION" />
14-->src\main\AndroidManifest.xml:7:5-88
14-->src\main\AndroidManifest.xml:7:22-85
15    <uses-permission android:name="android.permission.VIBRATE" /> <!-- <uses-permission android:name="android.permission.REQUEST_COMPANION_RUN_IN_BACKGROUND" /> -->
15-->src\main\AndroidManifest.xml:8:5-66
15-->src\main\AndroidManifest.xml:8:22-63
16    <uses-permission android:name="android.permission.CAMERA" />
16-->src\main\AndroidManifest.xml:11:5-65
16-->src\main\AndroidManifest.xml:11:22-62
17
18    <uses-feature android:name="android.hardware.camera" />
18-->src\main\AndroidManifest.xml:12:5-60
18-->src\main\AndroidManifest.xml:12:19-57
19    <uses-feature android:name="android.hardware.camera.autofocus" />
19-->src\main\AndroidManifest.xml:13:5-69
19-->src\main\AndroidManifest.xml:13:19-67
20
21    <uses-permission android:name="android.permission.ACCESS_NETWORK_STATE" />
21-->src\main\AndroidManifest.xml:15:5-79
21-->src\main\AndroidManifest.xml:15:22-76
22    <uses-permission android:name="android.permission.BLUETOOTH" />
22-->src\main\AndroidManifest.xml:16:5-68
22-->src\main\AndroidManifest.xml:16:22-65
23    <uses-permission android:name="android.permission.INTERNET" />
23-->src\main\AndroidManifest.xml:17:5-67
23-->src\main\AndroidManifest.xml:17:22-64
24    <uses-permission android:name="android.permission.MODIFY_AUDIO_SETTINGS" />
24-->src\main\AndroidManifest.xml:18:5-80
24-->src\main\AndroidManifest.xml:18:22-77
25    <uses-permission android:name="android.permission.RECORD_AUDIO" />
25-->src\main\AndroidManifest.xml:19:5-71
25-->src\main\AndroidManifest.xml:19:22-68
26    <uses-permission android:name="android.permission.WAKE_LOCK" />
26-->src\main\AndroidManifest.xml:21:5-68
26-->src\main\AndroidManifest.xml:21:22-65
27    <uses-permission android:name="android.permission.READ_CONTACTS" />
27-->src\main\AndroidManifest.xml:22:5-72
27-->src\main\AndroidManifest.xml:22:22-69
28    <uses-permission android:name="android.permission.ACCESS_WIFI_STATE" /> <!-- Required by older versions of Google Play services to create IID tokens -->
28-->[com.facebook.flipper:flipper:0.99.0] AndroidManifest.xml:16:5-76
28-->[com.facebook.flipper:flipper:0.99.0] AndroidManifest.xml:16:22-73
29    <uses-permission android:name="com.google.android.c2dm.permission.RECEIVE" />
29-->[com.google.firebase:firebase-messaging:23.0.5] AndroidManifest.xml:28:5-82
29-->[com.google.firebase:firebase-messaging:23.0.5] AndroidManifest.xml:28:22-79
30
31    <queries>
31-->[:react-native-image-crop-picker] AndroidManifest.xml:9:5-13:15
32        <intent>
32-->[:react-native-image-crop-picker] AndroidManifest.xml:10:9-12:18
33            <action android:name="android.media.action.IMAGE_CAPTURE" />
33-->[:react-native-image-crop-picker] AndroidManifest.xml:11:13-73
33-->[:react-native-image-crop-picker] AndroidManifest.xml:11:21-70
34        </intent>
35        <intent>
35-->[:react-native-inappbrowser-reborn] AndroidManifest.xml:13:9-15:18
36            <action android:name="android.support.customtabs.action.CustomTabsService" />
36-->[:react-native-inappbrowser-reborn] AndroidManifest.xml:14:13-90
36-->[:react-native-inappbrowser-reborn] AndroidManifest.xml:14:21-87
37        </intent>
38    </queries>
39
40    <uses-permission android:name="android.permission.RECEIVE_BOOT_COMPLETED" />
40-->[androidx.work:work-runtime:2.6.0] AndroidManifest.xml:27:5-81
40-->[androidx.work:work-runtime:2.6.0] AndroidManifest.xml:27:22-78
41    <uses-permission android:name="android.permission.FOREGROUND_SERVICE" />
41-->[androidx.work:work-runtime:2.6.0] AndroidManifest.xml:28:5-77
41-->[androidx.work:work-runtime:2.6.0] AndroidManifest.xml:28:22-74
42    <uses-permission android:name="com.google.android.finsky.permission.BIND_GET_INSTALL_REFERRER_SERVICE" /> <!-- Include required permissions for Advertising Id -->
42-->[com.google.android.gms:play-services-measurement:20.1.0] AndroidManifest.xml:26:5-110
42-->[com.google.android.gms:play-services-measurement:20.1.0] AndroidManifest.xml:26:22-107
43    <uses-permission android:name="com.google.android.gms.permission.AD_ID" /> <!-- for android -->
43-->[com.google.android.gms:play-services-ads-identifier:18.0.0] AndroidManifest.xml:23:5-79
43-->[com.google.android.gms:play-services-ads-identifier:18.0.0] AndroidManifest.xml:23:22-76
44    <!-- <uses-permission android:name="com.android.launcher.permission.READ_SETTINGS"/> -->
45    <!-- <uses-permission android:name="com.android.launcher.permission.WRITE_SETTINGS"/> -->
46    <!-- <uses-permission android:name="com.android.launcher.permission.INSTALL_SHORTCUT" /> -->
47    <!-- <uses-permission android:name="com.android.launcher.permission.UNINSTALL_SHORTCUT" /> -->
48    <!-- for Samsung -->
49    <uses-permission android:name="com.sec.android.provider.badge.permission.READ" />
49-->[me.leolin:ShortcutBadger:1.1.22] AndroidManifest.xml:19:5-86
49-->[me.leolin:ShortcutBadger:1.1.22] AndroidManifest.xml:19:22-83
50    <uses-permission android:name="com.sec.android.provider.badge.permission.WRITE" /> <!-- for htc -->
50-->[me.leolin:ShortcutBadger:1.1.22] AndroidManifest.xml:20:5-87
50-->[me.leolin:ShortcutBadger:1.1.22] AndroidManifest.xml:20:22-84
51    <uses-permission android:name="com.htc.launcher.permission.READ_SETTINGS" />
51-->[me.leolin:ShortcutBadger:1.1.22] AndroidManifest.xml:23:5-81
51-->[me.leolin:ShortcutBadger:1.1.22] AndroidManifest.xml:23:22-78
52    <uses-permission android:name="com.htc.launcher.permission.UPDATE_SHORTCUT" /> <!-- for sony -->
52-->[me.leolin:ShortcutBadger:1.1.22] AndroidManifest.xml:24:5-83
52-->[me.leolin:ShortcutBadger:1.1.22] AndroidManifest.xml:24:22-80
53    <uses-permission android:name="com.sonyericsson.home.permission.BROADCAST_BADGE" />
53-->[me.leolin:ShortcutBadger:1.1.22] AndroidManifest.xml:27:5-88
53-->[me.leolin:ShortcutBadger:1.1.22] AndroidManifest.xml:27:22-85
54    <uses-permission android:name="com.sonymobile.home.permission.PROVIDER_INSERT_BADGE" /> <!-- for apex -->
54-->[me.leolin:ShortcutBadger:1.1.22] AndroidManifest.xml:28:5-92
54-->[me.leolin:ShortcutBadger:1.1.22] AndroidManifest.xml:28:22-89
55    <uses-permission android:name="com.anddoes.launcher.permission.UPDATE_COUNT" /> <!-- for solid -->
55-->[me.leolin:ShortcutBadger:1.1.22] AndroidManifest.xml:31:5-84
55-->[me.leolin:ShortcutBadger:1.1.22] AndroidManifest.xml:31:22-81
56    <uses-permission android:name="com.majeur.launcher.permission.UPDATE_BADGE" /> <!-- for huawei -->
56-->[me.leolin:ShortcutBadger:1.1.22] AndroidManifest.xml:34:5-83
56-->[me.leolin:ShortcutBadger:1.1.22] AndroidManifest.xml:34:22-80
57    <uses-permission android:name="com.huawei.android.launcher.permission.CHANGE_BADGE" />
57-->[me.leolin:ShortcutBadger:1.1.22] AndroidManifest.xml:37:5-91
57-->[me.leolin:ShortcutBadger:1.1.22] AndroidManifest.xml:37:22-88
58    <uses-permission android:name="com.huawei.android.launcher.permission.READ_SETTINGS" />
58-->[me.leolin:ShortcutBadger:1.1.22] AndroidManifest.xml:38:5-92
58-->[me.leolin:ShortcutBadger:1.1.22] AndroidManifest.xml:38:22-89
59    <uses-permission android:name="com.huawei.android.launcher.permission.WRITE_SETTINGS" /> <!-- for ZUK -->
59-->[me.leolin:ShortcutBadger:1.1.22] AndroidManifest.xml:39:5-93
59-->[me.leolin:ShortcutBadger:1.1.22] AndroidManifest.xml:39:22-90
60    <uses-permission android:name="android.permission.READ_APP_BADGE" /> <!-- for OPPO -->
60-->[me.leolin:ShortcutBadger:1.1.22] AndroidManifest.xml:42:5-73
60-->[me.leolin:ShortcutBadger:1.1.22] AndroidManifest.xml:42:22-70
61    <uses-permission android:name="com.oppo.launcher.permission.READ_SETTINGS" />
61-->[me.leolin:ShortcutBadger:1.1.22] AndroidManifest.xml:45:5-82
61-->[me.leolin:ShortcutBadger:1.1.22] AndroidManifest.xml:45:22-79
62    <uses-permission android:name="com.oppo.launcher.permission.WRITE_SETTINGS" /> <!-- for EvMe -->
62-->[me.leolin:ShortcutBadger:1.1.22] AndroidManifest.xml:46:5-83
62-->[me.leolin:ShortcutBadger:1.1.22] AndroidManifest.xml:46:22-80
63    <uses-permission android:name="me.everything.badger.permission.BADGE_COUNT_READ" />
63-->[me.leolin:ShortcutBadger:1.1.22] AndroidManifest.xml:49:5-88
63-->[me.leolin:ShortcutBadger:1.1.22] AndroidManifest.xml:49:22-85
64    <uses-permission android:name="me.everything.badger.permission.BADGE_COUNT_WRITE" />
64-->[me.leolin:ShortcutBadger:1.1.22] AndroidManifest.xml:50:5-89
64-->[me.leolin:ShortcutBadger:1.1.22] AndroidManifest.xml:50:22-86
65    <uses-permission android:name="android.permission.USE_FULL_SCREEN_INTENT" />
65-->[app.notifee:core:202108261754] AndroidManifest.xml:15:5-81
65-->[app.notifee:core:202108261754] AndroidManifest.xml:15:22-78
66    <uses-permission android:name="android.permission.SCHEDULE_EXACT_ALARM" />
66-->[app.notifee:core:202108261754] AndroidManifest.xml:16:5-79
66-->[app.notifee:core:202108261754] AndroidManifest.xml:16:22-76
67    <uses-permission
67-->[app.notifee:core:202108261754] AndroidManifest.xml:17:5-19:38
68        android:name="android.permission.BROADCAST_CLOSE_SYSTEM_DIALOGS"
68-->[app.notifee:core:202108261754] AndroidManifest.xml:18:9-73
69        android:maxSdkVersion="30" /> <!-- <application android:usesCleartextTraffic="true" tools:targetApi="28" tools:ignore="GoogleAppIndexingWarning" /> -->
69-->[app.notifee:core:202108261754] AndroidManifest.xml:19:9-35
70    <application
70-->src\main\AndroidManifest.xml:25:5-108:19
71        android:name="com.tomaho.mobile.enterprise.MainApplication"
71-->src\main\AndroidManifest.xml:26:9-40
72        android:allowBackup="false"
72-->src\main\AndroidManifest.xml:30:9-36
73        android:appComponentFactory="androidx.core.app.CoreComponentFactory"
73-->[androidx.core:core:1.5.0] AndroidManifest.xml:24:18-86
74        android:debuggable="true"
75        android:hardwareAccelerated="true"
75-->src\main\AndroidManifest.xml:33:9-43
76        android:icon="@mipmap/ic_launcher"
76-->src\main\AndroidManifest.xml:28:9-43
77        android:label="@string/app_name"
77-->src\main\AndroidManifest.xml:27:9-41
78        android:requestLegacyExternalStorage="true"
78-->src\main\AndroidManifest.xml:32:9-52
79        android:roundIcon="@mipmap/ic_launcher_round"
79-->src\main\AndroidManifest.xml:29:9-54
80        android:theme="@style/AppTheme"
80-->src\main\AndroidManifest.xml:34:9-40
81        android:usesCleartextTraffic="true" >
81-->src\main\AndroidManifest.xml:31:9-44
82        <activity android:name="com.facebook.react.devsupport.DevSettingsActivity" />
82-->src\debug\AndroidManifest.xml:12:9-86
82-->src\debug\AndroidManifest.xml:12:19-83
83        <activity
83-->src\main\AndroidManifest.xml:36:9-56:20
84            android:name="com.tomaho.mobile.enterprise.MainActivity"
84-->src\main\AndroidManifest.xml:37:13-41
85            android:configChanges="keyboard|keyboardHidden|orientation|screenSize|uiMode"
85-->src\main\AndroidManifest.xml:39:13-90
86            android:exported="true"
86-->src\main\AndroidManifest.xml:43:13-36
87            android:label="@string/app_name"
87-->src\main\AndroidManifest.xml:38:13-45
88            android:launchMode="singleTask"
88-->src\main\AndroidManifest.xml:40:13-44
89            android:screenOrientation="portrait"
89-->src\main\AndroidManifest.xml:41:13-49
90            android:windowSoftInputMode="adjustResize" >
90-->src\main\AndroidManifest.xml:42:13-55
91            <intent-filter>
91-->src\main\AndroidManifest.xml:44:13-48:29
92                <action android:name="android.intent.action.MAIN" />
92-->src\main\AndroidManifest.xml:45:17-69
92-->src\main\AndroidManifest.xml:45:25-66
93                <action android:name="android.intent.action.DOWNLOAD_COMPLETE" />
93-->src\main\AndroidManifest.xml:46:17-81
93-->src\main\AndroidManifest.xml:46:25-79
94
95                <category android:name="android.intent.category.LAUNCHER" />
95-->src\main\AndroidManifest.xml:47:17-77
95-->src\main\AndroidManifest.xml:47:27-74
96            </intent-filter>
97            <intent-filter>
97-->src\main\AndroidManifest.xml:50:13-55:29
98                <action android:name="android.intent.action.MAIN" />
98-->src\main\AndroidManifest.xml:45:17-69
98-->src\main\AndroidManifest.xml:45:25-66
99
100                <category android:name="android.intent.category.DEFAULT" />
100-->src\main\AndroidManifest.xml:52:17-76
100-->src\main\AndroidManifest.xml:52:27-73
101                <category android:name="android.intent.category.BROWSABLE" />
101-->src\main\AndroidManifest.xml:53:17-78
101-->src\main\AndroidManifest.xml:53:27-75
102
103                <data android:scheme="tomaho.enterprise" />
103-->src\main\AndroidManifest.xml:54:17-60
103-->src\main\AndroidManifest.xml:54:23-57
104            </intent-filter>
105        </activity> <!-- <activity android:name="com.facebook.react.devsupport.DevSettingsActivity" /> -->
106        <!--
107 <meta-data  android:name="com.dieam.reactnativepushnotification.notification_channel_name"
108            android:value="Remote Notification"/>
109        <meta-data  android:name="com.dieam.reactnativepushnotification.notification_channel_description"
110            android:value="Remote Notification Description"/>
111        <meta-data  android:name="com.dieam.reactnativepushnotification.channel_create_default"
112                    android:value="true"/>
113        <meta-data  android:name="com.dieam.reactnativepushnotification.notification_color"
114                    android:resource="@color/white"/>
115        -->
116        <!--
117 <meta-data  android:name="com.dieam.firebase.messaging.default_notification_channel_id"
118                    android:value="FCM_TOMAHO_ENTERPRISE" />
119        -->
120        <!-- Change the value to true to enable pop-up for in foreground (remote-only, for local use ignoreInForeground) -->
121        <!-- <meta-data  android:name="com.dieam.firebase.messaging.default_notification_channel_id" -->
122        <!-- android:value="FCM_TOMAHO_ENTERPRISE" /> -->
123        <meta-data
123-->src\main\AndroidManifest.xml:73:9-75:15
124            android:name="com.google.firebase.messaging.default_notification_icon"
124-->src\main\AndroidManifest.xml:73:20-90
125            android:resource="@drawable/rn_edit_text_material" />
125-->src\main\AndroidManifest.xml:74:13-63
126        <meta-data
126-->src\main\AndroidManifest.xml:76:9-78:15
127            android:name="com.google.firebase.messaging.default_notification_color"
127-->src\main\AndroidManifest.xml:76:20-91
128            android:resource="@color/white" /> <!-- <meta-data  android:name="com.dieam.reactnativepushnotification.notification_foreground" -->
128-->src\main\AndroidManifest.xml:77:13-44
129        <!-- android:value="false"/> -->
130        <!-- &lt;!&ndash; Change the resource name to your App's accent color - or any other color you want &ndash;&gt; -->
131        <!-- <meta-data  android:name="com.dieam.reactnativepushnotification.notification_color" -->
132        <!-- android:resource="@color/white"/> &lt;!&ndash; or @android:color/{name} to use a standard color &ndash;&gt; -->
133        <!-- <receiver android:name="com.dieam.reactnativepushnotification.modules.RNPushNotificationActions" /> -->
134        <!-- <receiver android:name="com.dieam.reactnativepushnotification.modules.RNPushNotificationPublisher" /> -->
135        <!-- <receiver android:name="com.dieam.reactnativepushnotification.modules.RNPushNotificationBootEventReceiver"> -->
136        <!-- <intent-filter> -->
137        <!-- <action android:name="android.intent.action.BOOT_COMPLETED" /> -->
138        <!-- <action android:name="android.intent.action.QUICKBOOT_POWERON" /> -->
139        <!-- <action android:name="com.htc.intent.action.QUICKBOOT_POWERON"/> -->
140        <!-- </intent-filter> -->
141        <!-- </receiver> -->
142        <!-- DONT TOUCH OR GET NUKED -->
143        <service
143-->src\main\AndroidManifest.xml:98:9-103:19
144            android:name="com.tomaho.mobile.enterprise.FirebaseService"
144-->src\main\AndroidManifest.xml:98:18-49
145            android:exported="false" >
145-->src\main\AndroidManifest.xml:98:50-74
146            <intent-filter>
146-->src\main\AndroidManifest.xml:99:13-101:29
147                <action android:name="com.google.firebase.MESSAGING_EVENT" />
147-->src\main\AndroidManifest.xml:100:17-78
147-->src\main\AndroidManifest.xml:100:25-75
148            </intent-filter>
149        </service>
150        <service android:name="io.invertase.firebase.messaging.ReactNativeFirebaseMessagingHeadlessService" />
150-->[:react-native-firebase_messaging] AndroidManifest.xml:14:9-111
150-->[:react-native-firebase_messaging] AndroidManifest.xml:14:18-108
151        <service
151-->[:react-native-firebase_messaging] AndroidManifest.xml:15:9-21:19
152            android:name="io.invertase.firebase.messaging.ReactNativeFirebaseMessagingService"
152-->[:react-native-firebase_messaging] AndroidManifest.xml:16:13-95
153            android:exported="false" >
153-->[:react-native-firebase_messaging] AndroidManifest.xml:17:13-37
154            <intent-filter>
154-->src\main\AndroidManifest.xml:99:13-101:29
155                <action android:name="com.google.firebase.MESSAGING_EVENT" />
155-->src\main\AndroidManifest.xml:100:17-78
155-->src\main\AndroidManifest.xml:100:25-75
156            </intent-filter>
157        </service>
158
159        <receiver
159-->[:react-native-firebase_messaging] AndroidManifest.xml:23:9-30:20
160            android:name="io.invertase.firebase.messaging.ReactNativeFirebaseMessagingReceiver"
160-->[:react-native-firebase_messaging] AndroidManifest.xml:24:13-96
161            android:exported="true"
161-->[:react-native-firebase_messaging] AndroidManifest.xml:25:13-36
162            android:permission="com.google.android.c2dm.permission.SEND" >
162-->[:react-native-firebase_messaging] AndroidManifest.xml:26:13-73
163            <intent-filter>
163-->[:react-native-firebase_messaging] AndroidManifest.xml:27:13-29:29
164                <action android:name="com.google.android.c2dm.intent.RECEIVE" />
164-->[:react-native-firebase_messaging] AndroidManifest.xml:28:17-81
164-->[:react-native-firebase_messaging] AndroidManifest.xml:28:25-78
165            </intent-filter>
166        </receiver>
167
168        <meta-data
168-->[:react-native-firebase_messaging] AndroidManifest.xml:32:9-34:36
169            android:name="firebase_messaging_auto_init_enabled"
169-->[:react-native-firebase_messaging] AndroidManifest.xml:33:13-64
170            android:value="true" />
170-->[:react-native-firebase_messaging] AndroidManifest.xml:34:13-33
171        <meta-data
171-->[:react-native-firebase_messaging] AndroidManifest.xml:35:9-37:32
172            android:name="com.google.firebase.messaging.default_notification_channel_id"
172-->[:react-native-firebase_messaging] AndroidManifest.xml:36:13-89
173            android:value="" />
173-->[:react-native-firebase_messaging] AndroidManifest.xml:37:13-29
174
175        <receiver
175-->[com.google.firebase:firebase-messaging:23.0.5] AndroidManifest.xml:31:9-38:20
176            android:name="com.google.firebase.iid.FirebaseInstanceIdReceiver"
176-->[com.google.firebase:firebase-messaging:23.0.5] AndroidManifest.xml:32:13-78
177            android:exported="true"
177-->[com.google.firebase:firebase-messaging:23.0.5] AndroidManifest.xml:33:13-36
178            android:permission="com.google.android.c2dm.permission.SEND" >
178-->[com.google.firebase:firebase-messaging:23.0.5] AndroidManifest.xml:34:13-73
179            <intent-filter>
179-->[:react-native-firebase_messaging] AndroidManifest.xml:27:13-29:29
180                <action android:name="com.google.android.c2dm.intent.RECEIVE" />
180-->[:react-native-firebase_messaging] AndroidManifest.xml:28:17-81
180-->[:react-native-firebase_messaging] AndroidManifest.xml:28:25-78
181            </intent-filter>
182        </receiver>
183        <!--
184             FirebaseMessagingService performs security checks at runtime,
185             but set to not exported to explicitly avoid allowing another app to call it.
186        -->
187        <service
187-->[com.google.firebase:firebase-messaging:23.0.5] AndroidManifest.xml:44:9-51:19
188            android:name="com.google.firebase.messaging.FirebaseMessagingService"
188-->[com.google.firebase:firebase-messaging:23.0.5] AndroidManifest.xml:45:13-82
189            android:directBootAware="true"
189-->[com.google.firebase:firebase-messaging:23.0.5] AndroidManifest.xml:46:13-43
190            android:exported="false" >
190-->[com.google.firebase:firebase-messaging:23.0.5] AndroidManifest.xml:47:13-37
191            <intent-filter android:priority="-500" >
191-->src\main\AndroidManifest.xml:99:13-101:29
192                <action android:name="com.google.firebase.MESSAGING_EVENT" />
192-->src\main\AndroidManifest.xml:100:17-78
192-->src\main\AndroidManifest.xml:100:25-75
193            </intent-filter>
194        </service>
195        <service
195-->[com.google.firebase:firebase-messaging:23.0.5] AndroidManifest.xml:52:9-58:19
196            android:name="com.google.firebase.components.ComponentDiscoveryService"
196-->[com.google.firebase:firebase-messaging:23.0.5] AndroidManifest.xml:53:13-84
197            android:directBootAware="true"
197-->[com.google.firebase:firebase-common:20.1.1] AndroidManifest.xml:35:13-43
198            android:exported="false" >
198-->[com.google.firebase:firebase-messaging:23.0.5] AndroidManifest.xml:54:13-37
199            <meta-data
199-->[com.google.firebase:firebase-messaging:23.0.5] AndroidManifest.xml:55:13-57:85
200                android:name="com.google.firebase.components:com.google.firebase.messaging.FirebaseMessagingRegistrar"
200-->[com.google.firebase:firebase-messaging:23.0.5] AndroidManifest.xml:56:17-119
201                android:value="com.google.firebase.components.ComponentRegistrar" />
201-->[com.google.firebase:firebase-messaging:23.0.5] AndroidManifest.xml:57:17-82
202            <meta-data
202-->[com.google.firebase:firebase-auth:21.0.2] AndroidManifest.xml:67:13-69:85
203                android:name="com.google.firebase.components:com.google.firebase.auth.FirebaseAuthRegistrar"
203-->[com.google.firebase:firebase-auth:21.0.2] AndroidManifest.xml:68:17-109
204                android:value="com.google.firebase.components.ComponentRegistrar" />
204-->[com.google.firebase:firebase-auth:21.0.2] AndroidManifest.xml:69:17-82
205            <meta-data
205-->[com.google.firebase:firebase-datatransport:18.1.4] AndroidManifest.xml:28:13-30:85
206                android:name="com.google.firebase.components:com.google.firebase.datatransport.TransportRegistrar"
206-->[com.google.firebase:firebase-datatransport:18.1.4] AndroidManifest.xml:29:17-115
207                android:value="com.google.firebase.components.ComponentRegistrar" />
207-->[com.google.firebase:firebase-datatransport:18.1.4] AndroidManifest.xml:30:17-82
208            <meta-data
208-->[com.google.firebase:firebase-iid:21.1.0] AndroidManifest.xml:32:13-34:85
209                android:name="com.google.firebase.components:com.google.firebase.iid.Registrar"
209-->[com.google.firebase:firebase-iid:21.1.0] AndroidManifest.xml:33:17-96
210                android:value="com.google.firebase.components.ComponentRegistrar" />
210-->[com.google.firebase:firebase-iid:21.1.0] AndroidManifest.xml:34:17-82
211            <meta-data
211-->[com.google.android.gms:play-services-measurement-api:20.1.0] AndroidManifest.xml:30:13-32:85
212                android:name="com.google.firebase.components:com.google.firebase.analytics.connector.internal.AnalyticsConnectorRegistrar"
212-->[com.google.android.gms:play-services-measurement-api:20.1.0] AndroidManifest.xml:31:17-139
213                android:value="com.google.firebase.components.ComponentRegistrar" />
213-->[com.google.android.gms:play-services-measurement-api:20.1.0] AndroidManifest.xml:32:17-82
214            <meta-data
214-->[com.google.firebase:firebase-installations:17.0.1] AndroidManifest.xml:18:13-20:85
215                android:name="com.google.firebase.components:com.google.firebase.installations.FirebaseInstallationsRegistrar"
215-->[com.google.firebase:firebase-installations:17.0.1] AndroidManifest.xml:19:17-127
216                android:value="com.google.firebase.components.ComponentRegistrar" />
216-->[com.google.firebase:firebase-installations:17.0.1] AndroidManifest.xml:20:17-82
217        </service>
218
219        <provider
219-->[:notifee_react-native] AndroidManifest.xml:10:9-14:40
220            android:name="io.invertase.notifee.NotifeeInitProvider"
220-->[:notifee_react-native] AndroidManifest.xml:11:13-68
221            android:authorities="com.tomaho.mobile.enterprise.notifee-init-provider"
221-->[:notifee_react-native] AndroidManifest.xml:12:13-73
222            android:exported="false"
222-->[:notifee_react-native] AndroidManifest.xml:13:13-37
223            android:initOrder="-100" />
223-->[:notifee_react-native] AndroidManifest.xml:14:13-37
224        <provider
224-->[:react-native-file-viewer] AndroidManifest.xml:10:9-18:20
225            android:name="com.vinzscam.reactnativefileviewer.FileProvider"
225-->[:react-native-file-viewer] AndroidManifest.xml:11:13-75
226            android:authorities="com.tomaho.mobile.enterprise.provider"
226-->[:react-native-file-viewer] AndroidManifest.xml:12:13-60
227            android:exported="false"
227-->[:react-native-file-viewer] AndroidManifest.xml:13:13-37
228            android:grantUriPermissions="true" >
228-->[:react-native-file-viewer] AndroidManifest.xml:14:13-47
229            <meta-data
229-->[:react-native-file-viewer] AndroidManifest.xml:15:13-17:70
230                android:name="android.support.FILE_PROVIDER_PATHS"
230-->[:react-native-file-viewer] AndroidManifest.xml:16:17-67
231                android:resource="@xml/file_viewer_provider_paths" />
231-->[:react-native-file-viewer] AndroidManifest.xml:17:17-67
232        </provider>
233        <provider
233-->[:react-native-image-crop-picker] AndroidManifest.xml:18:9-26:20
234            android:name="androidx.core.content.FileProvider"
234-->[:react-native-image-crop-picker] AndroidManifest.xml:19:13-62
235            android:authorities="com.tomaho.mobile.enterprise.provider"
235-->[:react-native-image-crop-picker] AndroidManifest.xml:20:13-60
236            android:exported="false"
236-->[:react-native-image-crop-picker] AndroidManifest.xml:21:13-37
237            android:grantUriPermissions="true" >
237-->[:react-native-image-crop-picker] AndroidManifest.xml:22:13-47
238            <meta-data
238-->[:react-native-file-viewer] AndroidManifest.xml:15:13-17:70
239                android:name="android.support.FILE_PROVIDER_PATHS"
239-->[:react-native-file-viewer] AndroidManifest.xml:16:17-67
240                android:resource="@xml/provider_paths" />
240-->[:react-native-file-viewer] AndroidManifest.xml:17:17-67
241        </provider>
242
243        <activity
243-->[:react-native-image-crop-picker] AndroidManifest.xml:28:9-30:72
244            android:name="com.yalantis.ucrop.UCropActivity"
244-->[:react-native-image-crop-picker] AndroidManifest.xml:29:13-60
245            android:theme="@style/Theme.AppCompat.Light.NoActionBar" />
245-->[:react-native-image-crop-picker] AndroidManifest.xml:30:13-69
246
247        <provider
247-->[:react-native-image-picker] AndroidManifest.xml:10:9-18:20
248            android:name="com.imagepicker.ImagePickerProvider"
248-->[:react-native-image-picker] AndroidManifest.xml:11:13-63
249            android:authorities="com.tomaho.mobile.enterprise.imagepickerprovider"
249-->[:react-native-image-picker] AndroidManifest.xml:12:13-71
250            android:exported="false"
250-->[:react-native-image-picker] AndroidManifest.xml:13:13-37
251            android:grantUriPermissions="true" >
251-->[:react-native-image-picker] AndroidManifest.xml:14:13-47
252            <meta-data
252-->[:react-native-file-viewer] AndroidManifest.xml:15:13-17:70
253                android:name="android.support.FILE_PROVIDER_PATHS"
253-->[:react-native-file-viewer] AndroidManifest.xml:16:17-67
254                android:resource="@xml/imagepicker_provider_paths" />
254-->[:react-native-file-viewer] AndroidManifest.xml:17:17-67
255        </provider>
256
257        <activity android:name="com.proyecto26.inappbrowser.ChromeTabsManagerActivity" >
257-->[:react-native-inappbrowser-reborn] AndroidManifest.xml:19:9-20:20
257-->[:react-native-inappbrowser-reborn] AndroidManifest.xml:19:19-87
258        </activity>
259
260        <provider
260-->[:react-native-webview] AndroidManifest.xml:10:9-18:20
261            android:name="com.reactnativecommunity.webview.RNCWebViewFileProvider"
261-->[:react-native-webview] AndroidManifest.xml:11:13-83
262            android:authorities="com.tomaho.mobile.enterprise.fileprovider"
262-->[:react-native-webview] AndroidManifest.xml:12:13-64
263            android:exported="false"
263-->[:react-native-webview] AndroidManifest.xml:13:13-37
264            android:grantUriPermissions="true" >